<?xml version="1.0" encoding="UTF-8"?>
<testng-results skipped="0" failed="0" ignored="0" total="1" passed="1">
  <reporter-output>
  </reporter-output>
  <suite name="NettBanking" duration-ms="13769" started-at="2021-06-16T15:44:29 IST" finished-at="2021-06-16T15:44:43 IST">
    <groups>
    </groups>
    <test name="Banking App Test" duration-ms="13769" started-at="2021-06-16T15:44:29 IST" finished-at="2021-06-16T15:44:43 IST">
      <class name="com.NetBanking.testCases.TC_LoginTest_001">
        <test-method status="PASS" signature="setUp(java.lang.String)[pri:0, instance:com.NetBanking.testCases.TC_LoginTest_001@706a04ae]" name="setUp" is-config="true" duration-ms="9359" started-at="2021-06-16T15:44:29 IST" finished-at="2021-06-16T15:44:39 IST">
          <params>
            <param index="0">
              <value>
                <![CDATA[chrome]]>
              </value>
            </param>
          </params>
          <reporter-output>
          </reporter-output>
        </test-method> <!-- setUp -->
        <test-method status="PASS" signature="loginTest()[pri:0, instance:com.NetBanking.testCases.TC_LoginTest_001@706a04ae]" name="loginTest" duration-ms="2519" started-at="2021-06-16T15:44:39 IST" finished-at="2021-06-16T15:44:41 IST">
          <reporter-output>
          </reporter-output>
        </test-method> <!-- loginTest -->
        <test-method status="PASS" signature="tearDown()[pri:0, instance:com.NetBanking.testCases.TC_LoginTest_001@706a04ae]" name="tearDown" is-config="true" duration-ms="1440" started-at="2021-06-16T15:44:41 IST" finished-at="2021-06-16T15:44:43 IST">
          <reporter-output>
          </reporter-output>
        </test-method> <!-- tearDown -->
      </class> <!-- com.NetBanking.testCases.TC_LoginTest_001 -->
    </test> <!-- Banking App Test -->
  </suite> <!-- NettBanking -->
</testng-results>
